<?xml version="1.0" encoding="UTF-8"?>
<!-- Generated by org.testng.reporters.JUnitReportReporter -->
<testsuite hostname="DESKTOP-CL17NT7" failures="0" tests="3" name="testCases.TC001_AccountRegister" time="35.786" errors="0" timestamp="2024-09-30T10:04:25 IST" skipped="0">
  <testcase classname="testCases.TC001_AccountRegister" name="verify_Account_Register" time="14.625"/>
  <system-out/>
  <testcase classname="testCases.TC001_AccountRegister" name="verify_Account_Register" time="10.320"/>
  <system-out/>
  <testcase classname="testCases.TC001_AccountRegister" name="verify_Account_Register" time="10.841"/>
  <system-out/>
</testsuite> <!-- testCases.TC001_AccountRegister -->
