<?xml version="1.0" encoding="UTF-8"?>
<!-- Generated by org.testng.reporters.JUnitReportReporter -->
<testsuite hostname="DESKTOP-CL17NT7" failures="0" tests="1" name="testCases.TC002_AccountLogin" time="7.590" errors="0" timestamp="2024-09-29T21:00:30 IST" skipped="0">
  <testcase classname="testCases.TC002_AccountLogin" name="verify_login" time="7.590"/>
  <system-out/>
</testsuite> <!-- testCases.TC002_AccountLogin -->
